2018-05-19 18:59:29 INFO  mod7.deadlock.Deadlock:12 - Entering programme ...
2018-05-19 18:59:29 INFO  mod7.deadlock.Deadlock:31 - Task1 acquired lock1 ...
2018-05-19 18:59:29 INFO  mod7.deadlock.Deadlock:49 - Task2 acquired lock2 ...
2018-05-19 18:59:31 INFO  mod7.deadlock.Deadlock:12 - Entering programme ...
2018-05-19 18:59:31 INFO  mod7.deadlock.Deadlock:31 - Task1 acquired lock1 ...
2018-05-19 18:59:31 INFO  mod7.deadlock.Deadlock:49 - Task2 acquired lock2 ...
2018-05-19 19:09:00 %T INFO  mod7.deadlock.Deadlock:12 - Entering programme ...
2018-05-19 19:09:00 %T INFO  mod7.deadlock.Deadlock:31 - Task1 acquired lock1 ...
2018-05-19 19:09:00 %T INFO  mod7.deadlock.Deadlock:49 - Task2 acquired lock2 ...
2018-05-19 19:10:45 main INFO  mod7.deadlock.Deadlock:12 - Entering programme ...
2018-05-19 19:10:45 Thread-0 INFO  mod7.deadlock.Deadlock:31 - Task1 acquired lock1 ...
2018-05-19 19:10:45 Thread-1 INFO  mod7.deadlock.Deadlock:49 - Task2 acquired lock2 ...
2018-05-19 19:12:08 main       INFO  mod7.deadlock.Deadlock:12 - Entering programme ...
2018-05-19 19:12:08 Thread-0   INFO  mod7.deadlock.Deadlock:31 - Task1 acquired lock1 ...
2018-05-19 19:12:08 Thread-1   INFO  mod7.deadlock.Deadlock:49 - Task2 acquired lock2 ...
2018-05-19 19:18:02 main       INFO  mod7.deadlock.Deadlock:12 - Entering programme ...
2018-05-19 19:18:02 Thread-0   INFO  mod7.deadlock.Deadlock:31 - Task1 acquired lock1 ...
2018-05-19 19:18:02 Thread-1   INFO  mod7.deadlock.Deadlock:49 - Task2 acquired lock2 ...
2018-05-19 19:18:02 Thread-0   INFO  mod7.deadlock.Deadlock:37 - Task1 trying to acquire lock2 ...
2018-05-19 19:18:02 Thread-1   INFO  mod7.deadlock.Deadlock:55 - Task2 trying to acquire lock1 ...
2018-05-19 19:36:23 main       INFO  mod7.deadlock.Deadlock:12 - Entering programme ...
2018-05-19 19:36:23 Thread-0   INFO  mod7.deadlock.Deadlock:31 - Task1 acquired lock1 ...
2018-05-19 19:36:23 Thread-0   INFO  mod7.deadlock.Deadlock:37 - Task1 trying to acquire lock2 ...
2018-05-19 19:36:23 Thread-0   INFO  mod7.deadlock.Deadlock:39 - Task1 acquired lock2 ...
2018-05-19 19:36:23 Thread-1   INFO  mod7.deadlock.Deadlock:49 - Task2 acquired lock1 ...
2018-05-19 19:36:24 Thread-1   INFO  mod7.deadlock.Deadlock:55 - Task2 trying to acquire lock2 ...
2018-05-19 19:36:24 Thread-1   INFO  mod7.deadlock.Deadlock:57 - Task2 acquired lock2 ...
2018-05-19 19:36:24 main       INFO  mod7.deadlock.Deadlock:22 - Exiting programme ...2018-05-19 21:52:25 main       INFO  mod7.racecondition.RaceConditionDemo:11 - Entering programme ...
2018-05-19 21:52:25 Thread-1   DEBUG mod7.racecondition.RaceConditionDemo:44 - mod7.racecondition.RaceConditionDemo$Task2 running...
2018-05-19 21:52:25 Thread-1   DEBUG mod7.racecondition.RandomNumberPrinter:10 - mod7.racecondition.RandomNumberPrinter entered...
2018-05-19 21:52:25 Thread-0   DEBUG mod7.racecondition.RaceConditionDemo:32 - mod7.racecondition.RaceConditionDemo$Task1 running...
2018-05-19 21:52:25 Thread-1   DEBUG mod7.racecondition.RandomNumberPrinter:15 - mod7.racecondition.RandomNumberPrinter exited...
2018-05-19 21:52:25 Thread-0   DEBUG mod7.racecondition.RandomNumberPrinter:10 - mod7.racecondition.RandomNumberPrinter entered...
2018-05-19 21:52:25 Thread-1   DEBUG mod7.racecondition.RaceConditionDemo:46 - mod7.racecondition.RaceConditionDemo$Task2 running...
2018-05-19 21:52:25 Thread-0   DEBUG mod7.racecondition.RandomNumberPrinter:15 - mod7.racecondition.RandomNumberPrinter exited...
2018-05-19 21:52:25 Thread-0   DEBUG mod7.racecondition.RaceConditionDemo:34 - mod7.racecondition.RaceConditionDemo$Task1 exited...
2018-05-19 21:52:25 main       INFO  mod7.racecondition.RaceConditionDemo:23 - Exiting programme ...
2018-05-19 21:56:32 main       INFO  mod7.racecondition.RaceConditionDemo:11 - Entering programme ...
2018-05-19 21:56:32 Thread-0   DEBUG mod7.racecondition.RaceConditionDemo:32 - mod7.racecondition.RaceConditionDemo$Task1 running...
2018-05-19 21:56:32 Thread-1   DEBUG mod7.racecondition.RaceConditionDemo:44 - mod7.racecondition.RaceConditionDemo$Task2 running...
2018-05-19 21:56:32 Thread-0   DEBUG mod7.racecondition.RandomNumberPrinter:10 - mod7.racecondition.RandomNumberPrinter entered...
2018-05-19 21:56:32 Thread-1   DEBUG mod7.racecondition.RandomNumberPrinter:10 - mod7.racecondition.RandomNumberPrinter entered...
2018-05-19 21:56:32 Thread-0   DEBUG mod7.racecondition.RandomNumberPrinter:15 - mod7.racecondition.RandomNumberPrinter exited...
2018-05-19 21:56:32 Thread-1   DEBUG mod7.racecondition.RandomNumberPrinter:15 - mod7.racecondition.RandomNumberPrinter exited...
2018-05-19 21:56:32 Thread-0   DEBUG mod7.racecondition.RaceConditionDemo:34 - mod7.racecondition.RaceConditionDemo$Task1 exited...
2018-05-19 21:56:32 Thread-1   DEBUG mod7.racecondition.RaceConditionDemo:46 - mod7.racecondition.RaceConditionDemo$Task2 running...
2018-05-19 21:56:32 main       INFO  mod7.racecondition.RaceConditionDemo:23 - Exiting programme ...
2018-05-19 21:58:05 main       INFO  mod7.racecondition.RaceConditionDemo:11 - Entering programme ...
2018-05-19 21:58:05 Thread-0   DEBUG mod7.racecondition.RaceConditionDemo:32 - mod7.racecondition.RaceConditionDemo$Task1 running...
2018-05-19 21:58:05 Thread-1   DEBUG mod7.racecondition.RaceConditionDemo:44 - mod7.racecondition.RaceConditionDemo$Task2 running...
2018-05-19 21:58:05 Thread-0   DEBUG mod7.racecondition.RandomNumberPrinter:10 - mod7.racecondition.RandomNumberPrinter entered...
2018-05-19 21:58:05 Thread-1   DEBUG mod7.racecondition.RandomNumberPrinter:10 - mod7.racecondition.RandomNumberPrinter entered...
2018-05-19 21:58:05 Thread-1   DEBUG mod7.racecondition.RandomNumberPrinter:15 - mod7.racecondition.RandomNumberPrinter exited...
2018-05-19 21:58:05 Thread-1   DEBUG mod7.racecondition.RaceConditionDemo:46 - mod7.racecondition.RaceConditionDemo$Task2 running...
2018-05-19 21:58:05 Thread-0   DEBUG mod7.racecondition.RandomNumberPrinter:15 - mod7.racecondition.RandomNumberPrinter exited...
2018-05-19 21:58:05 Thread-0   DEBUG mod7.racecondition.RaceConditionDemo:34 - mod7.racecondition.RaceConditionDemo$Task1 exited...
2018-05-19 21:58:05 main       INFO  mod7.racecondition.RaceConditionDemo:23 - Exiting programme ...
2018-05-19 21:58:06 main       INFO  mod7.racecondition.RaceConditionDemo:11 - Entering programme ...
2018-05-19 21:58:06 Thread-0   DEBUG mod7.racecondition.RaceConditionDemo:32 - mod7.racecondition.RaceConditionDemo$Task1 running...
2018-05-19 21:58:06 Thread-0   DEBUG mod7.racecondition.RandomNumberPrinter:10 - mod7.racecondition.RandomNumberPrinter entered...
2018-05-19 21:58:06 Thread-0   DEBUG mod7.racecondition.RandomNumberPrinter:15 - mod7.racecondition.RandomNumberPrinter exited...
2018-05-19 21:58:06 Thread-0   DEBUG mod7.racecondition.RaceConditionDemo:34 - mod7.racecondition.RaceConditionDemo$Task1 exited...
2018-05-19 21:58:06 Thread-1   DEBUG mod7.racecondition.RaceConditionDemo:44 - mod7.racecondition.RaceConditionDemo$Task2 running...
2018-05-19 21:58:06 Thread-1   DEBUG mod7.racecondition.RandomNumberPrinter:10 - mod7.racecondition.RandomNumberPrinter entered...
2018-05-19 21:58:06 Thread-1   DEBUG mod7.racecondition.RandomNumberPrinter:15 - mod7.racecondition.RandomNumberPrinter exited...
2018-05-19 21:58:06 Thread-1   DEBUG mod7.racecondition.RaceConditionDemo:46 - mod7.racecondition.RaceConditionDemo$Task2 running...
2018-05-19 21:58:06 main       INFO  mod7.racecondition.RaceConditionDemo:23 - Exiting programme ...
2018-05-19 22:05:59 main       INFO  mod7.racecondition.RaceConditionDemo:11 - Entering programme ...
2018-05-19 22:05:59 Thread-0   DEBUG mod7.racecondition.RaceConditionDemo:32 - mod7.racecondition.RaceConditionDemo$Task1 running...
2018-05-19 22:05:59 Thread-1   DEBUG mod7.racecondition.RaceConditionDemo:44 - mod7.racecondition.RaceConditionDemo$Task2 running...
2018-05-19 22:05:59 Thread-0   DEBUG mod7.racecondition.RandomNumberPrinter:10 - mod7.racecondition.RandomNumberPrinter entered...
2018-05-19 22:05:59 Thread-0   DEBUG mod7.racecondition.RandomNumberPrinter:15 - mod7.racecondition.RandomNumberPrinter exited...
2018-05-19 22:05:59 Thread-0   DEBUG mod7.racecondition.RaceConditionDemo:34 - mod7.racecondition.RaceConditionDemo$Task1 exited...
2018-05-19 22:05:59 Thread-1   DEBUG mod7.racecondition.RandomNumberPrinter:10 - mod7.racecondition.RandomNumberPrinter entered...
2018-05-19 22:05:59 Thread-1   DEBUG mod7.racecondition.RandomNumberPrinter:15 - mod7.racecondition.RandomNumberPrinter exited...
2018-05-19 22:05:59 Thread-1   DEBUG mod7.racecondition.RaceConditionDemo:46 - mod7.racecondition.RaceConditionDemo$Task2 running...
2018-05-19 22:05:59 main       INFO  mod7.racecondition.RaceConditionDemo:23 - Exiting programme ...
2018-05-19 22:06:30 main       INFO  mod7.racecondition.RaceConditionDemo:11 - Entering programme ...
2018-05-19 22:06:30 Thread-0   DEBUG mod7.racecondition.RaceConditionDemo:32 - mod7.racecondition.RaceConditionDemo$Task1 running...
2018-05-19 22:06:30 Thread-0   DEBUG mod7.racecondition.RandomNumberPrinter:10 - mod7.racecondition.RandomNumberPrinter entered...
2018-05-19 22:06:30 Thread-1   DEBUG mod7.racecondition.RaceConditionDemo:44 - mod7.racecondition.RaceConditionDemo$Task2 running...
2018-05-19 22:06:30 Thread-0   DEBUG mod7.racecondition.RandomNumberPrinter:15 - mod7.racecondition.RandomNumberPrinter exited...
2018-05-19 22:06:30 Thread-0   DEBUG mod7.racecondition.RaceConditionDemo:34 - mod7.racecondition.RaceConditionDemo$Task1 exited...
2018-05-19 22:06:30 Thread-1   DEBUG mod7.racecondition.RandomNumberPrinter:10 - mod7.racecondition.RandomNumberPrinter entered...
2018-05-19 22:06:30 Thread-1   DEBUG mod7.racecondition.RandomNumberPrinter:15 - mod7.racecondition.RandomNumberPrinter exited...
2018-05-19 22:06:30 Thread-1   DEBUG mod7.racecondition.RaceConditionDemo:46 - mod7.racecondition.RaceConditionDemo$Task2 running...
2018-05-19 22:06:30 main       INFO  mod7.racecondition.RaceConditionDemo:23 - Exiting programme ...
2018-05-19 22:06:33 main       INFO  mod7.racecondition.RaceConditionDemo:11 - Entering programme ...
2018-05-19 22:06:33 Thread-1   DEBUG mod7.racecondition.RaceConditionDemo:44 - mod7.racecondition.RaceConditionDemo$Task2 running...
2018-05-19 22:06:33 Thread-0   DEBUG mod7.racecondition.RaceConditionDemo:32 - mod7.racecondition.RaceConditionDemo$Task1 running...
2018-05-19 22:06:33 Thread-1   DEBUG mod7.racecondition.RandomNumberPrinter:10 - mod7.racecondition.RandomNumberPrinter entered...
2018-05-19 22:06:33 Thread-1   DEBUG mod7.racecondition.RandomNumberPrinter:15 - mod7.racecondition.RandomNumberPrinter exited...
2018-05-19 22:06:33 Thread-1   DEBUG mod7.racecondition.RaceConditionDemo:46 - mod7.racecondition.RaceConditionDemo$Task2 running...
2018-05-19 22:06:33 Thread-0   DEBUG mod7.racecondition.RandomNumberPrinter:10 - mod7.racecondition.RandomNumberPrinter entered...
2018-05-19 22:06:33 Thread-0   DEBUG mod7.racecondition.RandomNumberPrinter:15 - mod7.racecondition.RandomNumberPrinter exited...
2018-05-19 22:06:33 Thread-0   DEBUG mod7.racecondition.RaceConditionDemo:34 - mod7.racecondition.RaceConditionDemo$Task1 exited...
2018-05-19 22:06:33 main       INFO  mod7.racecondition.RaceConditionDemo:23 - Exiting programme ...
2018-05-19 22:06:35 main       INFO  mod7.racecondition.RaceConditionDemo:11 - Entering programme ...
2018-05-19 22:06:35 Thread-0   DEBUG mod7.racecondition.RaceConditionDemo:32 - mod7.racecondition.RaceConditionDemo$Task1 running...
2018-05-19 22:06:35 Thread-1   DEBUG mod7.racecondition.RaceConditionDemo:44 - mod7.racecondition.RaceConditionDemo$Task2 running...
2018-05-19 22:06:35 Thread-0   DEBUG mod7.racecondition.RandomNumberPrinter:10 - mod7.racecondition.RandomNumberPrinter entered...
2018-05-19 22:06:35 Thread-0   DEBUG mod7.racecondition.RandomNumberPrinter:15 - mod7.racecondition.RandomNumberPrinter exited...
2018-05-19 22:06:35 Thread-0   DEBUG mod7.racecondition.RaceConditionDemo:34 - mod7.racecondition.RaceConditionDemo$Task1 exited...
2018-05-19 22:06:35 Thread-1   DEBUG mod7.racecondition.RandomNumberPrinter:10 - mod7.racecondition.RandomNumberPrinter entered...
2018-05-19 22:06:35 Thread-1   DEBUG mod7.racecondition.RandomNumberPrinter:15 - mod7.racecondition.RandomNumberPrinter exited...
2018-05-19 22:06:35 Thread-1   DEBUG mod7.racecondition.RaceConditionDemo:46 - mod7.racecondition.RaceConditionDemo$Task2 running...
2018-05-19 22:06:35 main       INFO  mod7.racecondition.RaceConditionDemo:23 - Exiting programme ...
2018-05-19 22:06:36 main       INFO  mod7.racecondition.RaceConditionDemo:11 - Entering programme ...
2018-05-19 22:06:36 Thread-0   DEBUG mod7.racecondition.RaceConditionDemo:32 - mod7.racecondition.RaceConditionDemo$Task1 running...
2018-05-19 22:06:36 Thread-1   DEBUG mod7.racecondition.RaceConditionDemo:44 - mod7.racecondition.RaceConditionDemo$Task2 running...
2018-05-19 22:06:36 Thread-0   DEBUG mod7.racecondition.RandomNumberPrinter:10 - mod7.racecondition.RandomNumberPrinter entered...
2018-05-19 22:06:36 Thread-0   DEBUG mod7.racecondition.RandomNumberPrinter:15 - mod7.racecondition.RandomNumberPrinter exited...
2018-05-19 22:06:36 Thread-0   DEBUG mod7.racecondition.RaceConditionDemo:34 - mod7.racecondition.RaceConditionDemo$Task1 exited...
2018-05-19 22:06:36 Thread-1   DEBUG mod7.racecondition.RandomNumberPrinter:10 - mod7.racecondition.RandomNumberPrinter entered...
2018-05-19 22:06:36 Thread-1   DEBUG mod7.racecondition.RandomNumberPrinter:15 - mod7.racecondition.RandomNumberPrinter exited...
2018-05-19 22:06:36 Thread-1   DEBUG mod7.racecondition.RaceConditionDemo:46 - mod7.racecondition.RaceConditionDemo$Task2 running...
2018-05-19 22:06:36 main       INFO  mod7.racecondition.RaceConditionDemo:23 - Exiting programme ...
2018-05-19 22:06:37 main       INFO  mod7.racecondition.RaceConditionDemo:11 - Entering programme ...
2018-05-19 22:06:37 Thread-0   DEBUG mod7.racecondition.RaceConditionDemo:32 - mod7.racecondition.RaceConditionDemo$Task1 running...
2018-05-19 22:06:37 Thread-1   DEBUG mod7.racecondition.RaceConditionDemo:44 - mod7.racecondition.RaceConditionDemo$Task2 running...
2018-05-19 22:06:37 Thread-0   DEBUG mod7.racecondition.RandomNumberPrinter:10 - mod7.racecondition.RandomNumberPrinter entered...
2018-05-19 22:06:37 Thread-0   DEBUG mod7.racecondition.RandomNumberPrinter:15 - mod7.racecondition.RandomNumberPrinter exited...
2018-05-19 22:06:37 Thread-0   DEBUG mod7.racecondition.RaceConditionDemo:34 - mod7.racecondition.RaceConditionDemo$Task1 exited...
2018-05-19 22:06:37 Thread-1   DEBUG mod7.racecondition.RandomNumberPrinter:10 - mod7.racecondition.RandomNumberPrinter entered...
2018-05-19 22:06:37 Thread-1   DEBUG mod7.racecondition.RandomNumberPrinter:15 - mod7.racecondition.RandomNumberPrinter exited...
2018-05-19 22:06:37 Thread-1   DEBUG mod7.racecondition.RaceConditionDemo:46 - mod7.racecondition.RaceConditionDemo$Task2 running...
2018-05-19 22:06:37 main       INFO  mod7.racecondition.RaceConditionDemo:23 - Exiting programme ...
2018-05-19 22:06:38 main       INFO  mod7.racecondition.RaceConditionDemo:11 - Entering programme ...
2018-05-19 22:06:38 Thread-1   DEBUG mod7.racecondition.RaceConditionDemo:44 - mod7.racecondition.RaceConditionDemo$Task2 running...
2018-05-19 22:06:38 Thread-1   DEBUG mod7.racecondition.RandomNumberPrinter:10 - mod7.racecondition.RandomNumberPrinter entered...
2018-05-19 22:06:38 Thread-0   DEBUG mod7.racecondition.RaceConditionDemo:32 - mod7.racecondition.RaceConditionDemo$Task1 running...
2018-05-19 22:06:38 Thread-1   DEBUG mod7.racecondition.RandomNumberPrinter:15 - mod7.racecondition.RandomNumberPrinter exited...
2018-05-19 22:06:38 Thread-1   DEBUG mod7.racecondition.RaceConditionDemo:46 - mod7.racecondition.RaceConditionDemo$Task2 running...
2018-05-19 22:06:38 Thread-0   DEBUG mod7.racecondition.RandomNumberPrinter:10 - mod7.racecondition.RandomNumberPrinter entered...
2018-05-19 22:06:38 Thread-0   DEBUG mod7.racecondition.RandomNumberPrinter:15 - mod7.racecondition.RandomNumberPrinter exited...
2018-05-19 22:06:38 Thread-0   DEBUG mod7.racecondition.RaceConditionDemo:34 - mod7.racecondition.RaceConditionDemo$Task1 exited...
2018-05-19 22:06:38 main       INFO  mod7.racecondition.RaceConditionDemo:23 - Exiting programme ...
2018-05-19 22:06:39 main       INFO  mod7.racecondition.RaceConditionDemo:11 - Entering programme ...
2018-05-19 22:06:39 Thread-0   DEBUG mod7.racecondition.RaceConditionDemo:32 - mod7.racecondition.RaceConditionDemo$Task1 running...
2018-05-19 22:06:39 Thread-1   DEBUG mod7.racecondition.RaceConditionDemo:44 - mod7.racecondition.RaceConditionDemo$Task2 running...
2018-05-19 22:06:39 Thread-0   DEBUG mod7.racecondition.RandomNumberPrinter:10 - mod7.racecondition.RandomNumberPrinter entered...
2018-05-19 22:06:39 Thread-0   DEBUG mod7.racecondition.RandomNumberPrinter:15 - mod7.racecondition.RandomNumberPrinter exited...
2018-05-19 22:06:39 Thread-1   DEBUG mod7.racecondition.RandomNumberPrinter:10 - mod7.racecondition.RandomNumberPrinter entered...
2018-05-19 22:06:39 Thread-0   DEBUG mod7.racecondition.RaceConditionDemo:34 - mod7.racecondition.RaceConditionDemo$Task1 exited...
2018-05-19 22:06:39 Thread-1   DEBUG mod7.racecondition.RandomNumberPrinter:15 - mod7.racecondition.RandomNumberPrinter exited...
2018-05-19 22:06:39 Thread-1   DEBUG mod7.racecondition.RaceConditionDemo:46 - mod7.racecondition.RaceConditionDemo$Task2 running...
2018-05-19 22:06:39 main       INFO  mod7.racecondition.RaceConditionDemo:23 - Exiting programme ...
2018-05-19 22:06:59 main       INFO  mod7.racecondition.RaceConditionDemo:11 - Entering programme ...
2018-05-19 22:06:59 Thread-0   DEBUG mod7.racecondition.RaceConditionDemo:33 - mod7.racecondition.RaceConditionDemo$Task1 running...
2018-05-19 22:06:59 Thread-0   DEBUG mod7.racecondition.RandomNumberPrinter:10 - mod7.racecondition.RandomNumberPrinter entered...
2018-05-19 22:06:59 Thread-0   DEBUG mod7.racecondition.RandomNumberPrinter:15 - mod7.racecondition.RandomNumberPrinter exited...
2018-05-19 22:06:59 Thread-0   DEBUG mod7.racecondition.RaceConditionDemo:35 - mod7.racecondition.RaceConditionDemo$Task1 exited...
2018-05-19 22:06:59 Thread-1   DEBUG mod7.racecondition.RaceConditionDemo:45 - mod7.racecondition.RaceConditionDemo$Task2 running...
2018-05-19 22:06:59 Thread-1   DEBUG mod7.racecondition.RandomNumberPrinter:10 - mod7.racecondition.RandomNumberPrinter entered...
2018-05-19 22:06:59 Thread-1   DEBUG mod7.racecondition.RandomNumberPrinter:15 - mod7.racecondition.RandomNumberPrinter exited...
2018-05-19 22:06:59 Thread-1   DEBUG mod7.racecondition.RaceConditionDemo:47 - mod7.racecondition.RaceConditionDemo$Task2 running...
2018-05-19 22:06:59 main       INFO  mod7.racecondition.RaceConditionDemo:24 - Exiting programme ...
2018-05-19 22:07:01 main       INFO  mod7.racecondition.RaceConditionDemo:11 - Entering programme ...
2018-05-19 22:07:01 Thread-0   DEBUG mod7.racecondition.RaceConditionDemo:33 - mod7.racecondition.RaceConditionDemo$Task1 running...
2018-05-19 22:07:01 Thread-0   DEBUG mod7.racecondition.RandomNumberPrinter:10 - mod7.racecondition.RandomNumberPrinter entered...
2018-05-19 22:07:01 Thread-0   DEBUG mod7.racecondition.RandomNumberPrinter:15 - mod7.racecondition.RandomNumberPrinter exited...
2018-05-19 22:07:01 Thread-0   DEBUG mod7.racecondition.RaceConditionDemo:35 - mod7.racecondition.RaceConditionDemo$Task1 exited...
2018-05-19 22:07:01 Thread-1   DEBUG mod7.racecondition.RaceConditionDemo:45 - mod7.racecondition.RaceConditionDemo$Task2 running...
2018-05-19 22:07:01 Thread-1   DEBUG mod7.racecondition.RandomNumberPrinter:10 - mod7.racecondition.RandomNumberPrinter entered...
2018-05-19 22:07:01 Thread-1   DEBUG mod7.racecondition.RandomNumberPrinter:15 - mod7.racecondition.RandomNumberPrinter exited...
2018-05-19 22:07:01 Thread-1   DEBUG mod7.racecondition.RaceConditionDemo:47 - mod7.racecondition.RaceConditionDemo$Task2 running...
2018-05-19 22:07:01 main       INFO  mod7.racecondition.RaceConditionDemo:24 - Exiting programme ...
2018-05-19 22:07:04 main       INFO  mod7.racecondition.RaceConditionDemo:11 - Entering programme ...
2018-05-19 22:07:04 Thread-0   DEBUG mod7.racecondition.RaceConditionDemo:33 - mod7.racecondition.RaceConditionDemo$Task1 running...
2018-05-19 22:07:04 Thread-0   DEBUG mod7.racecondition.RandomNumberPrinter:10 - mod7.racecondition.RandomNumberPrinter entered...
2018-05-19 22:07:04 Thread-0   DEBUG mod7.racecondition.RandomNumberPrinter:15 - mod7.racecondition.RandomNumberPrinter exited...
2018-05-19 22:07:04 Thread-0   DEBUG mod7.racecondition.RaceConditionDemo:35 - mod7.racecondition.RaceConditionDemo$Task1 exited...
2018-05-19 22:07:04 Thread-1   DEBUG mod7.racecondition.RaceConditionDemo:45 - mod7.racecondition.RaceConditionDemo$Task2 running...
2018-05-19 22:07:04 Thread-1   DEBUG mod7.racecondition.RandomNumberPrinter:10 - mod7.racecondition.RandomNumberPrinter entered...
2018-05-19 22:07:04 Thread-1   DEBUG mod7.racecondition.RandomNumberPrinter:15 - mod7.racecondition.RandomNumberPrinter exited...
2018-05-19 22:07:04 Thread-1   DEBUG mod7.racecondition.RaceConditionDemo:47 - mod7.racecondition.RaceConditionDemo$Task2 running...
2018-05-19 22:07:04 main       INFO  mod7.racecondition.RaceConditionDemo:24 - Exiting programme ...
2018-05-19 22:07:05 main       INFO  mod7.racecondition.RaceConditionDemo:11 - Entering programme ...
2018-05-19 22:07:05 Thread-0   DEBUG mod7.racecondition.RaceConditionDemo:33 - mod7.racecondition.RaceConditionDemo$Task1 running...
2018-05-19 22:07:05 Thread-0   DEBUG mod7.racecondition.RandomNumberPrinter:10 - mod7.racecondition.RandomNumberPrinter entered...
2018-05-19 22:07:05 Thread-0   DEBUG mod7.racecondition.RandomNumberPrinter:15 - mod7.racecondition.RandomNumberPrinter exited...
2018-05-19 22:07:05 Thread-0   DEBUG mod7.racecondition.RaceConditionDemo:35 - mod7.racecondition.RaceConditionDemo$Task1 exited...
2018-05-19 22:07:05 Thread-1   DEBUG mod7.racecondition.RaceConditionDemo:45 - mod7.racecondition.RaceConditionDemo$Task2 running...
2018-05-19 22:07:05 Thread-1   DEBUG mod7.racecondition.RandomNumberPrinter:10 - mod7.racecondition.RandomNumberPrinter entered...
2018-05-19 22:07:05 Thread-1   DEBUG mod7.racecondition.RandomNumberPrinter:15 - mod7.racecondition.RandomNumberPrinter exited...
2018-05-19 22:07:05 Thread-1   DEBUG mod7.racecondition.RaceConditionDemo:47 - mod7.racecondition.RaceConditionDemo$Task2 running...
2018-05-19 22:07:05 main       INFO  mod7.racecondition.RaceConditionDemo:24 - Exiting programme ...
2018-05-19 22:07:06 main       INFO  mod7.racecondition.RaceConditionDemo:11 - Entering programme ...
2018-05-19 22:07:06 Thread-0   DEBUG mod7.racecondition.RaceConditionDemo:33 - mod7.racecondition.RaceConditionDemo$Task1 running...
2018-05-19 22:07:06 Thread-0   DEBUG mod7.racecondition.RandomNumberPrinter:10 - mod7.racecondition.RandomNumberPrinter entered...
2018-05-19 22:07:06 Thread-0   DEBUG mod7.racecondition.RandomNumberPrinter:15 - mod7.racecondition.RandomNumberPrinter exited...
2018-05-19 22:07:06 Thread-0   DEBUG mod7.racecondition.RaceConditionDemo:35 - mod7.racecondition.RaceConditionDemo$Task1 exited...
2018-05-19 22:07:06 Thread-1   DEBUG mod7.racecondition.RaceConditionDemo:45 - mod7.racecondition.RaceConditionDemo$Task2 running...
2018-05-19 22:07:06 Thread-1   DEBUG mod7.racecondition.RandomNumberPrinter:10 - mod7.racecondition.RandomNumberPrinter entered...
2018-05-19 22:07:06 Thread-1   DEBUG mod7.racecondition.RandomNumberPrinter:15 - mod7.racecondition.RandomNumberPrinter exited...
2018-05-19 22:07:06 Thread-1   DEBUG mod7.racecondition.RaceConditionDemo:47 - mod7.racecondition.RaceConditionDemo$Task2 running...
2018-05-19 22:07:06 main       INFO  mod7.racecondition.RaceConditionDemo:24 - Exiting programme ...
2018-05-19 22:07:07 main       INFO  mod7.racecondition.RaceConditionDemo:11 - Entering programme ...
2018-05-19 22:07:07 Thread-0   DEBUG mod7.racecondition.RaceConditionDemo:33 - mod7.racecondition.RaceConditionDemo$Task1 running...
2018-05-19 22:07:07 Thread-0   DEBUG mod7.racecondition.RandomNumberPrinter:10 - mod7.racecondition.RandomNumberPrinter entered...
2018-05-19 22:07:07 Thread-0   DEBUG mod7.racecondition.RandomNumberPrinter:15 - mod7.racecondition.RandomNumberPrinter exited...
2018-05-19 22:07:07 Thread-0   DEBUG mod7.racecondition.RaceConditionDemo:35 - mod7.racecondition.RaceConditionDemo$Task1 exited...
2018-05-19 22:07:07 Thread-1   DEBUG mod7.racecondition.RaceConditionDemo:45 - mod7.racecondition.RaceConditionDemo$Task2 running...
2018-05-19 22:07:07 Thread-1   DEBUG mod7.racecondition.RandomNumberPrinter:10 - mod7.racecondition.RandomNumberPrinter entered...
2018-05-19 22:07:07 Thread-1   DEBUG mod7.racecondition.RandomNumberPrinter:15 - mod7.racecondition.RandomNumberPrinter exited...
2018-05-19 22:07:07 Thread-1   DEBUG mod7.racecondition.RaceConditionDemo:47 - mod7.racecondition.RaceConditionDemo$Task2 running...
2018-05-19 22:07:07 main       INFO  mod7.racecondition.RaceConditionDemo:24 - Exiting programme ...
2018-05-19 22:07:08 main       INFO  mod7.racecondition.RaceConditionDemo:11 - Entering programme ...
2018-05-19 22:07:08 Thread-0   DEBUG mod7.racecondition.RaceConditionDemo:33 - mod7.racecondition.RaceConditionDemo$Task1 running...
2018-05-19 22:07:08 Thread-0   DEBUG mod7.racecondition.RandomNumberPrinter:10 - mod7.racecondition.RandomNumberPrinter entered...
2018-05-19 22:07:08 Thread-0   DEBUG mod7.racecondition.RandomNumberPrinter:15 - mod7.racecondition.RandomNumberPrinter exited...
2018-05-19 22:07:08 Thread-0   DEBUG mod7.racecondition.RaceConditionDemo:35 - mod7.racecondition.RaceConditionDemo$Task1 exited...
2018-05-19 22:07:08 Thread-1   DEBUG mod7.racecondition.RaceConditionDemo:45 - mod7.racecondition.RaceConditionDemo$Task2 running...
2018-05-19 22:07:08 Thread-1   DEBUG mod7.racecondition.RandomNumberPrinter:10 - mod7.racecondition.RandomNumberPrinter entered...
2018-05-19 22:07:08 Thread-1   DEBUG mod7.racecondition.RandomNumberPrinter:15 - mod7.racecondition.RandomNumberPrinter exited...
2018-05-19 22:07:08 Thread-1   DEBUG mod7.racecondition.RaceConditionDemo:47 - mod7.racecondition.RaceConditionDemo$Task2 running...
2018-05-19 22:07:08 main       INFO  mod7.racecondition.RaceConditionDemo:24 - Exiting programme ...
2018-05-19 22:07:09 main       INFO  mod7.racecondition.RaceConditionDemo:11 - Entering programme ...
2018-05-19 22:07:09 Thread-0   DEBUG mod7.racecondition.RaceConditionDemo:33 - mod7.racecondition.RaceConditionDemo$Task1 running...
2018-05-19 22:07:09 Thread-0   DEBUG mod7.racecondition.RandomNumberPrinter:10 - mod7.racecondition.RandomNumberPrinter entered...
2018-05-19 22:07:09 Thread-0   DEBUG mod7.racecondition.RandomNumberPrinter:15 - mod7.racecondition.RandomNumberPrinter exited...
2018-05-19 22:07:09 Thread-0   DEBUG mod7.racecondition.RaceConditionDemo:35 - mod7.racecondition.RaceConditionDemo$Task1 exited...
2018-05-19 22:07:09 Thread-1   DEBUG mod7.racecondition.RaceConditionDemo:45 - mod7.racecondition.RaceConditionDemo$Task2 running...
2018-05-19 22:07:09 Thread-1   DEBUG mod7.racecondition.RandomNumberPrinter:10 - mod7.racecondition.RandomNumberPrinter entered...
2018-05-19 22:07:09 Thread-1   DEBUG mod7.racecondition.RandomNumberPrinter:15 - mod7.racecondition.RandomNumberPrinter exited...
2018-05-19 22:07:09 Thread-1   DEBUG mod7.racecondition.RaceConditionDemo:47 - mod7.racecondition.RaceConditionDemo$Task2 running...
2018-05-19 22:07:09 main       INFO  mod7.racecondition.RaceConditionDemo:24 - Exiting programme ...
2018-05-19 22:07:10 main       INFO  mod7.racecondition.RaceConditionDemo:11 - Entering programme ...
2018-05-19 22:07:10 Thread-0   DEBUG mod7.racecondition.RaceConditionDemo:33 - mod7.racecondition.RaceConditionDemo$Task1 running...
2018-05-19 22:07:10 Thread-0   DEBUG mod7.racecondition.RandomNumberPrinter:10 - mod7.racecondition.RandomNumberPrinter entered...
2018-05-19 22:07:10 Thread-0   DEBUG mod7.racecondition.RandomNumberPrinter:15 - mod7.racecondition.RandomNumberPrinter exited...
2018-05-19 22:07:10 Thread-0   DEBUG mod7.racecondition.RaceConditionDemo:35 - mod7.racecondition.RaceConditionDemo$Task1 exited...
2018-05-19 22:07:10 Thread-1   DEBUG mod7.racecondition.RaceConditionDemo:45 - mod7.racecondition.RaceConditionDemo$Task2 running...
2018-05-19 22:07:10 Thread-1   DEBUG mod7.racecondition.RandomNumberPrinter:10 - mod7.racecondition.RandomNumberPrinter entered...
2018-05-19 22:07:10 Thread-1   DEBUG mod7.racecondition.RandomNumberPrinter:15 - mod7.racecondition.RandomNumberPrinter exited...
2018-05-19 22:07:10 Thread-1   DEBUG mod7.racecondition.RaceConditionDemo:47 - mod7.racecondition.RaceConditionDemo$Task2 running...
2018-05-19 22:07:10 main       INFO  mod7.racecondition.RaceConditionDemo:24 - Exiting programme ...
2018-05-19 22:07:11 main       INFO  mod7.racecondition.RaceConditionDemo:11 - Entering programme ...
2018-05-19 22:07:11 Thread-0   DEBUG mod7.racecondition.RaceConditionDemo:33 - mod7.racecondition.RaceConditionDemo$Task1 running...
2018-05-19 22:07:11 Thread-0   DEBUG mod7.racecondition.RandomNumberPrinter:10 - mod7.racecondition.RandomNumberPrinter entered...
2018-05-19 22:07:11 Thread-0   DEBUG mod7.racecondition.RandomNumberPrinter:15 - mod7.racecondition.RandomNumberPrinter exited...
2018-05-19 22:07:11 Thread-0   DEBUG mod7.racecondition.RaceConditionDemo:35 - mod7.racecondition.RaceConditionDemo$Task1 exited...
2018-05-19 22:07:11 Thread-1   DEBUG mod7.racecondition.RaceConditionDemo:45 - mod7.racecondition.RaceConditionDemo$Task2 running...
2018-05-19 22:07:11 Thread-1   DEBUG mod7.racecondition.RandomNumberPrinter:10 - mod7.racecondition.RandomNumberPrinter entered...
2018-05-19 22:07:11 Thread-1   DEBUG mod7.racecondition.RandomNumberPrinter:15 - mod7.racecondition.RandomNumberPrinter exited...
2018-05-19 22:07:11 Thread-1   DEBUG mod7.racecondition.RaceConditionDemo:47 - mod7.racecondition.RaceConditionDemo$Task2 running...
2018-05-19 22:07:11 main       INFO  mod7.racecondition.RaceConditionDemo:24 - Exiting programme ...
2018-05-19 22:07:12 main       INFO  mod7.racecondition.RaceConditionDemo:11 - Entering programme ...
2018-05-19 22:07:12 Thread-0   DEBUG mod7.racecondition.RaceConditionDemo:33 - mod7.racecondition.RaceConditionDemo$Task1 running...
2018-05-19 22:07:12 Thread-0   DEBUG mod7.racecondition.RandomNumberPrinter:10 - mod7.racecondition.RandomNumberPrinter entered...
2018-05-19 22:07:12 Thread-0   DEBUG mod7.racecondition.RandomNumberPrinter:15 - mod7.racecondition.RandomNumberPrinter exited...
2018-05-19 22:07:12 Thread-0   DEBUG mod7.racecondition.RaceConditionDemo:35 - mod7.racecondition.RaceConditionDemo$Task1 exited...
2018-05-19 22:07:12 Thread-1   DEBUG mod7.racecondition.RaceConditionDemo:45 - mod7.racecondition.RaceConditionDemo$Task2 running...
2018-05-19 22:07:12 Thread-1   DEBUG mod7.racecondition.RandomNumberPrinter:10 - mod7.racecondition.RandomNumberPrinter entered...
2018-05-19 22:07:12 Thread-1   DEBUG mod7.racecondition.RandomNumberPrinter:15 - mod7.racecondition.RandomNumberPrinter exited...
2018-05-19 22:07:12 Thread-1   DEBUG mod7.racecondition.RaceConditionDemo:47 - mod7.racecondition.RaceConditionDemo$Task2 running...
2018-05-19 22:07:12 main       INFO  mod7.racecondition.RaceConditionDemo:24 - Exiting programme ...
2018-05-19 22:07:13 main       INFO  mod7.racecondition.RaceConditionDemo:11 - Entering programme ...
2018-05-19 22:07:13 Thread-0   DEBUG mod7.racecondition.RaceConditionDemo:33 - mod7.racecondition.RaceConditionDemo$Task1 running...
2018-05-19 22:07:13 Thread-0   DEBUG mod7.racecondition.RandomNumberPrinter:10 - mod7.racecondition.RandomNumberPrinter entered...
2018-05-19 22:07:13 Thread-0   DEBUG mod7.racecondition.RandomNumberPrinter:15 - mod7.racecondition.RandomNumberPrinter exited...
2018-05-19 22:07:13 Thread-0   DEBUG mod7.racecondition.RaceConditionDemo:35 - mod7.racecondition.RaceConditionDemo$Task1 exited...
2018-05-19 22:07:13 Thread-1   DEBUG mod7.racecondition.RaceConditionDemo:45 - mod7.racecondition.RaceConditionDemo$Task2 running...
2018-05-19 22:07:13 Thread-1   DEBUG mod7.racecondition.RandomNumberPrinter:10 - mod7.racecondition.RandomNumberPrinter entered...
2018-05-19 22:07:13 Thread-1   DEBUG mod7.racecondition.RandomNumberPrinter:15 - mod7.racecondition.RandomNumberPrinter exited...
2018-05-19 22:07:13 Thread-1   DEBUG mod7.racecondition.RaceConditionDemo:47 - mod7.racecondition.RaceConditionDemo$Task2 running...
2018-05-19 22:07:13 main       INFO  mod7.racecondition.RaceConditionDemo:24 - Exiting programme ...
2018-05-19 22:07:14 main       INFO  mod7.racecondition.RaceConditionDemo:11 - Entering programme ...
2018-05-19 22:07:14 Thread-0   DEBUG mod7.racecondition.RaceConditionDemo:33 - mod7.racecondition.RaceConditionDemo$Task1 running...
2018-05-19 22:07:14 Thread-0   DEBUG mod7.racecondition.RandomNumberPrinter:10 - mod7.racecondition.RandomNumberPrinter entered...
2018-05-19 22:07:14 Thread-0   DEBUG mod7.racecondition.RandomNumberPrinter:15 - mod7.racecondition.RandomNumberPrinter exited...
2018-05-19 22:07:14 Thread-0   DEBUG mod7.racecondition.RaceConditionDemo:35 - mod7.racecondition.RaceConditionDemo$Task1 exited...
2018-05-19 22:07:14 Thread-1   DEBUG mod7.racecondition.RaceConditionDemo:45 - mod7.racecondition.RaceConditionDemo$Task2 running...
2018-05-19 22:07:14 Thread-1   DEBUG mod7.racecondition.RandomNumberPrinter:10 - mod7.racecondition.RandomNumberPrinter entered...
2018-05-19 22:07:14 Thread-1   DEBUG mod7.racecondition.RandomNumberPrinter:15 - mod7.racecondition.RandomNumberPrinter exited...
2018-05-19 22:07:14 Thread-1   DEBUG mod7.racecondition.RaceConditionDemo:47 - mod7.racecondition.RaceConditionDemo$Task2 running...
2018-05-19 22:07:14 main       INFO  mod7.racecondition.RaceConditionDemo:24 - Exiting programme ...
2018-05-19 22:07:15 main       INFO  mod7.racecondition.RaceConditionDemo:11 - Entering programme ...
2018-05-19 22:07:15 Thread-0   DEBUG mod7.racecondition.RaceConditionDemo:33 - mod7.racecondition.RaceConditionDemo$Task1 running...
2018-05-19 22:07:15 Thread-0   DEBUG mod7.racecondition.RandomNumberPrinter:10 - mod7.racecondition.RandomNumberPrinter entered...
2018-05-19 22:07:15 Thread-0   DEBUG mod7.racecondition.RandomNumberPrinter:15 - mod7.racecondition.RandomNumberPrinter exited...
2018-05-19 22:07:15 Thread-0   DEBUG mod7.racecondition.RaceConditionDemo:35 - mod7.racecondition.RaceConditionDemo$Task1 exited...
2018-05-19 22:07:15 Thread-1   DEBUG mod7.racecondition.RaceConditionDemo:45 - mod7.racecondition.RaceConditionDemo$Task2 running...
2018-05-19 22:07:15 Thread-1   DEBUG mod7.racecondition.RandomNumberPrinter:10 - mod7.racecondition.RandomNumberPrinter entered...
2018-05-19 22:07:15 Thread-1   DEBUG mod7.racecondition.RandomNumberPrinter:15 - mod7.racecondition.RandomNumberPrinter exited...
2018-05-19 22:07:15 Thread-1   DEBUG mod7.racecondition.RaceConditionDemo:47 - mod7.racecondition.RaceConditionDemo$Task2 running...
2018-05-19 22:07:15 main       INFO  mod7.racecondition.RaceConditionDemo:24 - Exiting programme ...
2018-05-19 22:07:16 main       INFO  mod7.racecondition.RaceConditionDemo:11 - Entering programme ...
2018-05-19 22:07:16 Thread-0   DEBUG mod7.racecondition.RaceConditionDemo:33 - mod7.racecondition.RaceConditionDemo$Task1 running...
2018-05-19 22:07:16 Thread-0   DEBUG mod7.racecondition.RandomNumberPrinter:10 - mod7.racecondition.RandomNumberPrinter entered...
2018-05-19 22:07:16 Thread-0   DEBUG mod7.racecondition.RandomNumberPrinter:15 - mod7.racecondition.RandomNumberPrinter exited...
2018-05-19 22:07:16 Thread-0   DEBUG mod7.racecondition.RaceConditionDemo:35 - mod7.racecondition.RaceConditionDemo$Task1 exited...
2018-05-19 22:07:16 Thread-1   DEBUG mod7.racecondition.RaceConditionDemo:45 - mod7.racecondition.RaceConditionDemo$Task2 running...
2018-05-19 22:07:16 Thread-1   DEBUG mod7.racecondition.RandomNumberPrinter:10 - mod7.racecondition.RandomNumberPrinter entered...
2018-05-19 22:07:16 Thread-1   DEBUG mod7.racecondition.RandomNumberPrinter:15 - mod7.racecondition.RandomNumberPrinter exited...
2018-05-19 22:07:16 Thread-1   DEBUG mod7.racecondition.RaceConditionDemo:47 - mod7.racecondition.RaceConditionDemo$Task2 running...
2018-05-19 22:07:16 main       INFO  mod7.racecondition.RaceConditionDemo:24 - Exiting programme ...
2018-05-19 22:07:34 main       INFO  mod7.racecondition.RaceConditionDemo:11 - Entering programme ...
2018-05-19 22:07:34 Thread-0   DEBUG mod7.racecondition.RaceConditionDemo:33 - mod7.racecondition.RaceConditionDemo$Task1 running...
2018-05-19 22:07:34 Thread-1   DEBUG mod7.racecondition.RaceConditionDemo:45 - mod7.racecondition.RaceConditionDemo$Task2 running...
2018-05-19 22:07:34 Thread-0   DEBUG mod7.racecondition.RandomNumberPrinter:10 - mod7.racecondition.RandomNumberPrinter entered...
2018-05-19 22:07:34 Thread-0   DEBUG mod7.racecondition.RandomNumberPrinter:15 - mod7.racecondition.RandomNumberPrinter exited...
2018-05-19 22:07:34 Thread-0   DEBUG mod7.racecondition.RaceConditionDemo:35 - mod7.racecondition.RaceConditionDemo$Task1 exited...
2018-05-19 22:07:34 Thread-1   DEBUG mod7.racecondition.RandomNumberPrinter:10 - mod7.racecondition.RandomNumberPrinter entered...
2018-05-19 22:07:34 Thread-1   DEBUG mod7.racecondition.RandomNumberPrinter:15 - mod7.racecondition.RandomNumberPrinter exited...
2018-05-19 22:07:34 Thread-1   DEBUG mod7.racecondition.RaceConditionDemo:47 - mod7.racecondition.RaceConditionDemo$Task2 running...
2018-05-19 22:07:34 main       INFO  mod7.racecondition.RaceConditionDemo:24 - Exiting programme ...
2018-05-19 22:07:36 main       INFO  mod7.racecondition.RaceConditionDemo:11 - Entering programme ...
2018-05-19 22:07:36 Thread-1   DEBUG mod7.racecondition.RaceConditionDemo:45 - mod7.racecondition.RaceConditionDemo$Task2 running...
2018-05-19 22:07:36 Thread-1   DEBUG mod7.racecondition.RandomNumberPrinter:10 - mod7.racecondition.RandomNumberPrinter entered...
2018-05-19 22:07:36 Thread-0   DEBUG mod7.racecondition.RaceConditionDemo:33 - mod7.racecondition.RaceConditionDemo$Task1 running...
2018-05-19 22:07:36 Thread-1   DEBUG mod7.racecondition.RandomNumberPrinter:15 - mod7.racecondition.RandomNumberPrinter exited...
2018-05-19 22:07:36 Thread-1   DEBUG mod7.racecondition.RaceConditionDemo:47 - mod7.racecondition.RaceConditionDemo$Task2 running...
2018-05-19 22:07:36 Thread-0   DEBUG mod7.racecondition.RandomNumberPrinter:10 - mod7.racecondition.RandomNumberPrinter entered...
2018-05-19 22:07:36 Thread-0   DEBUG mod7.racecondition.RandomNumberPrinter:15 - mod7.racecondition.RandomNumberPrinter exited...
2018-05-19 22:07:36 Thread-0   DEBUG mod7.racecondition.RaceConditionDemo:35 - mod7.racecondition.RaceConditionDemo$Task1 exited...
2018-05-19 22:07:36 main       INFO  mod7.racecondition.RaceConditionDemo:24 - Exiting programme ...
2018-05-19 22:07:37 main       INFO  mod7.racecondition.RaceConditionDemo:11 - Entering programme ...
2018-05-19 22:07:37 Thread-0   DEBUG mod7.racecondition.RaceConditionDemo:33 - mod7.racecondition.RaceConditionDemo$Task1 running...
2018-05-19 22:07:37 Thread-0   DEBUG mod7.racecondition.RandomNumberPrinter:10 - mod7.racecondition.RandomNumberPrinter entered...
2018-05-19 22:07:37 Thread-1   DEBUG mod7.racecondition.RaceConditionDemo:45 - mod7.racecondition.RaceConditionDemo$Task2 running...
2018-05-19 22:07:37 Thread-0   DEBUG mod7.racecondition.RandomNumberPrinter:15 - mod7.racecondition.RandomNumberPrinter exited...
2018-05-19 22:07:37 Thread-0   DEBUG mod7.racecondition.RaceConditionDemo:35 - mod7.racecondition.RaceConditionDemo$Task1 exited...
2018-05-19 22:07:37 Thread-1   DEBUG mod7.racecondition.RandomNumberPrinter:10 - mod7.racecondition.RandomNumberPrinter entered...
2018-05-19 22:07:37 Thread-1   DEBUG mod7.racecondition.RandomNumberPrinter:15 - mod7.racecondition.RandomNumberPrinter exited...
2018-05-19 22:07:37 Thread-1   DEBUG mod7.racecondition.RaceConditionDemo:47 - mod7.racecondition.RaceConditionDemo$Task2 running...
2018-05-19 22:07:37 main       INFO  mod7.racecondition.RaceConditionDemo:24 - Exiting programme ...
2018-05-19 22:07:38 main       INFO  mod7.racecondition.RaceConditionDemo:11 - Entering programme ...
2018-05-19 22:07:38 Thread-0   DEBUG mod7.racecondition.RaceConditionDemo:33 - mod7.racecondition.RaceConditionDemo$Task1 running...
2018-05-19 22:07:38 Thread-0   DEBUG mod7.racecondition.RandomNumberPrinter:10 - mod7.racecondition.RandomNumberPrinter entered...
2018-05-19 22:07:38 Thread-1   DEBUG mod7.racecondition.RaceConditionDemo:45 - mod7.racecondition.RaceConditionDemo$Task2 running...
2018-05-19 22:07:38 Thread-0   DEBUG mod7.racecondition.RandomNumberPrinter:15 - mod7.racecondition.RandomNumberPrinter exited...
2018-05-19 22:07:38 Thread-1   DEBUG mod7.racecondition.RandomNumberPrinter:10 - mod7.racecondition.RandomNumberPrinter entered...
2018-05-19 22:07:38 Thread-0   DEBUG mod7.racecondition.RaceConditionDemo:35 - mod7.racecondition.RaceConditionDemo$Task1 exited...
2018-05-19 22:07:38 Thread-1   DEBUG mod7.racecondition.RandomNumberPrinter:15 - mod7.racecondition.RandomNumberPrinter exited...
2018-05-19 22:07:38 Thread-1   DEBUG mod7.racecondition.RaceConditionDemo:47 - mod7.racecondition.RaceConditionDemo$Task2 running...
2018-05-19 22:07:38 main       INFO  mod7.racecondition.RaceConditionDemo:24 - Exiting programme ...
2018-05-19 22:07:45 main       INFO  mod7.racecondition.RaceConditionDemo:11 - Entering programme ...
2018-05-19 22:07:45 Thread-0   DEBUG mod7.racecondition.RaceConditionDemo:33 - mod7.racecondition.RaceConditionDemo$Task1 running...
2018-05-19 22:07:45 Thread-1   DEBUG mod7.racecondition.RaceConditionDemo:45 - mod7.racecondition.RaceConditionDemo$Task2 running...
2018-05-19 22:07:45 Thread-0   DEBUG mod7.racecondition.RandomNumberPrinter:10 - mod7.racecondition.RandomNumberPrinter entered...
2018-05-19 22:07:45 Thread-0   DEBUG mod7.racecondition.RandomNumberPrinter:15 - mod7.racecondition.RandomNumberPrinter exited...
2018-05-19 22:07:45 Thread-0   DEBUG mod7.racecondition.RaceConditionDemo:35 - mod7.racecondition.RaceConditionDemo$Task1 exited...
2018-05-19 22:07:45 Thread-1   DEBUG mod7.racecondition.RandomNumberPrinter:10 - mod7.racecondition.RandomNumberPrinter entered...
2018-05-19 22:07:45 Thread-1   DEBUG mod7.racecondition.RandomNumberPrinter:15 - mod7.racecondition.RandomNumberPrinter exited...
2018-05-19 22:07:45 Thread-1   DEBUG mod7.racecondition.RaceConditionDemo:47 - mod7.racecondition.RaceConditionDemo$Task2 running...
2018-05-19 22:07:45 main       INFO  mod7.racecondition.RaceConditionDemo:24 - Exiting programme ...
2018-05-19 22:07:46 main       INFO  mod7.racecondition.RaceConditionDemo:11 - Entering programme ...
2018-05-19 22:07:47 Thread-0   DEBUG mod7.racecondition.RaceConditionDemo:33 - mod7.racecondition.RaceConditionDemo$Task1 running...
2018-05-19 22:07:47 Thread-0   DEBUG mod7.racecondition.RandomNumberPrinter:10 - mod7.racecondition.RandomNumberPrinter entered...
2018-05-19 22:07:47 Thread-0   DEBUG mod7.racecondition.RandomNumberPrinter:15 - mod7.racecondition.RandomNumberPrinter exited...
2018-05-19 22:07:47 Thread-0   DEBUG mod7.racecondition.RaceConditionDemo:35 - mod7.racecondition.RaceConditionDemo$Task1 exited...
2018-05-19 22:07:47 Thread-1   DEBUG mod7.racecondition.RaceConditionDemo:45 - mod7.racecondition.RaceConditionDemo$Task2 running...
2018-05-19 22:07:47 Thread-1   DEBUG mod7.racecondition.RandomNumberPrinter:10 - mod7.racecondition.RandomNumberPrinter entered...
2018-05-19 22:07:47 Thread-1   DEBUG mod7.racecondition.RandomNumberPrinter:15 - mod7.racecondition.RandomNumberPrinter exited...
2018-05-19 22:07:47 Thread-1   DEBUG mod7.racecondition.RaceConditionDemo:47 - mod7.racecondition.RaceConditionDemo$Task2 running...
2018-05-19 22:07:47 main       INFO  mod7.racecondition.RaceConditionDemo:24 - Exiting programme ...
2018-05-19 22:09:16 main       INFO  mod7.racecondition.RaceConditionDemo:10 - Entering programme ...
2018-05-19 22:09:16 Thread-0   DEBUG mod7.racecondition.RaceConditionDemo:34 - mod7.racecondition.RaceConditionDemo$Task1 running...
2018-05-19 22:09:16 Thread-0   DEBUG mod7.racecondition.RandomNumberPrinter:10 - mod7.racecondition.RandomNumberPrinter entered...
2018-05-19 22:09:16 Thread-0   DEBUG mod7.racecondition.RandomNumberPrinter:15 - mod7.racecondition.RandomNumberPrinter exited...
2018-05-19 22:09:16 Thread-0   DEBUG mod7.racecondition.RaceConditionDemo:36 - mod7.racecondition.RaceConditionDemo$Task1 exited...
2018-05-19 22:09:16 Thread-1   DEBUG mod7.racecondition.RaceConditionDemo:50 - mod7.racecondition.RaceConditionDemo$Task2 running...
2018-05-19 22:09:16 Thread-1   DEBUG mod7.racecondition.RandomNumberPrinter:10 - mod7.racecondition.RandomNumberPrinter entered...
2018-05-19 22:09:16 Thread-1   DEBUG mod7.racecondition.RandomNumberPrinter:15 - mod7.racecondition.RandomNumberPrinter exited...
2018-05-19 22:09:16 Thread-1   DEBUG mod7.racecondition.RaceConditionDemo:52 - mod7.racecondition.RaceConditionDemo$Task2 running...
2018-05-19 22:09:16 main       INFO  mod7.racecondition.RaceConditionDemo:22 - Exiting programme ...
2018-05-19 22:09:19 main       INFO  mod7.racecondition.RaceConditionDemo:10 - Entering programme ...
2018-05-19 22:09:19 Thread-0   DEBUG mod7.racecondition.RaceConditionDemo:34 - mod7.racecondition.RaceConditionDemo$Task1 running...
2018-05-19 22:09:19 Thread-0   DEBUG mod7.racecondition.RandomNumberPrinter:10 - mod7.racecondition.RandomNumberPrinter entered...
2018-05-19 22:09:19 Thread-0   DEBUG mod7.racecondition.RandomNumberPrinter:15 - mod7.racecondition.RandomNumberPrinter exited...
2018-05-19 22:09:19 Thread-0   DEBUG mod7.racecondition.RaceConditionDemo:36 - mod7.racecondition.RaceConditionDemo$Task1 exited...
2018-05-19 22:09:19 Thread-1   DEBUG mod7.racecondition.RaceConditionDemo:50 - mod7.racecondition.RaceConditionDemo$Task2 running...
2018-05-19 22:09:19 Thread-1   DEBUG mod7.racecondition.RandomNumberPrinter:10 - mod7.racecondition.RandomNumberPrinter entered...
2018-05-19 22:09:19 Thread-1   DEBUG mod7.racecondition.RandomNumberPrinter:15 - mod7.racecondition.RandomNumberPrinter exited...
2018-05-19 22:09:19 Thread-1   DEBUG mod7.racecondition.RaceConditionDemo:52 - mod7.racecondition.RaceConditionDemo$Task2 running...
2018-05-19 22:09:19 main       INFO  mod7.racecondition.RaceConditionDemo:22 - Exiting programme ...
2018-05-19 22:09:21 main       INFO  mod7.racecondition.RaceConditionDemo:10 - Entering programme ...
2018-05-19 22:09:21 Thread-0   DEBUG mod7.racecondition.RaceConditionDemo:34 - mod7.racecondition.RaceConditionDemo$Task1 running...
2018-05-19 22:09:21 Thread-0   DEBUG mod7.racecondition.RandomNumberPrinter:10 - mod7.racecondition.RandomNumberPrinter entered...
2018-05-19 22:09:21 Thread-0   DEBUG mod7.racecondition.RandomNumberPrinter:15 - mod7.racecondition.RandomNumberPrinter exited...
2018-05-19 22:09:21 Thread-0   DEBUG mod7.racecondition.RaceConditionDemo:36 - mod7.racecondition.RaceConditionDemo$Task1 exited...
2018-05-19 22:09:21 Thread-1   DEBUG mod7.racecondition.RaceConditionDemo:50 - mod7.racecondition.RaceConditionDemo$Task2 running...
2018-05-19 22:09:21 Thread-1   DEBUG mod7.racecondition.RandomNumberPrinter:10 - mod7.racecondition.RandomNumberPrinter entered...
2018-05-19 22:09:21 Thread-1   DEBUG mod7.racecondition.RandomNumberPrinter:15 - mod7.racecondition.RandomNumberPrinter exited...
2018-05-19 22:09:21 Thread-1   DEBUG mod7.racecondition.RaceConditionDemo:52 - mod7.racecondition.RaceConditionDemo$Task2 running...
2018-05-19 22:09:21 main       INFO  mod7.racecondition.RaceConditionDemo:22 - Exiting programme ...
2018-05-19 22:09:22 main       INFO  mod7.racecondition.RaceConditionDemo:10 - Entering programme ...
2018-05-19 22:09:22 Thread-0   DEBUG mod7.racecondition.RaceConditionDemo:34 - mod7.racecondition.RaceConditionDemo$Task1 running...
2018-05-19 22:09:22 Thread-0   DEBUG mod7.racecondition.RandomNumberPrinter:10 - mod7.racecondition.RandomNumberPrinter entered...
2018-05-19 22:09:22 Thread-0   DEBUG mod7.racecondition.RandomNumberPrinter:15 - mod7.racecondition.RandomNumberPrinter exited...
2018-05-19 22:09:22 Thread-0   DEBUG mod7.racecondition.RaceConditionDemo:36 - mod7.racecondition.RaceConditionDemo$Task1 exited...
2018-05-19 22:09:22 Thread-1   DEBUG mod7.racecondition.RaceConditionDemo:50 - mod7.racecondition.RaceConditionDemo$Task2 running...
2018-05-19 22:09:22 Thread-1   DEBUG mod7.racecondition.RandomNumberPrinter:10 - mod7.racecondition.RandomNumberPrinter entered...
2018-05-19 22:09:22 Thread-1   DEBUG mod7.racecondition.RandomNumberPrinter:15 - mod7.racecondition.RandomNumberPrinter exited...
2018-05-19 22:09:22 Thread-1   DEBUG mod7.racecondition.RaceConditionDemo:52 - mod7.racecondition.RaceConditionDemo$Task2 running...
2018-05-19 22:09:22 main       INFO  mod7.racecondition.RaceConditionDemo:22 - Exiting programme ...
2018-05-19 22:09:24 main       INFO  mod7.racecondition.RaceConditionDemo:10 - Entering programme ...
2018-05-19 22:09:24 Thread-0   DEBUG mod7.racecondition.RaceConditionDemo:34 - mod7.racecondition.RaceConditionDemo$Task1 running...
2018-05-19 22:09:24 Thread-0   DEBUG mod7.racecondition.RandomNumberPrinter:10 - mod7.racecondition.RandomNumberPrinter entered...
2018-05-19 22:09:24 Thread-0   DEBUG mod7.racecondition.RandomNumberPrinter:15 - mod7.racecondition.RandomNumberPrinter exited...
2018-05-19 22:09:24 Thread-0   DEBUG mod7.racecondition.RaceConditionDemo:36 - mod7.racecondition.RaceConditionDemo$Task1 exited...
2018-05-19 22:09:24 Thread-1   DEBUG mod7.racecondition.RaceConditionDemo:50 - mod7.racecondition.RaceConditionDemo$Task2 running...
2018-05-19 22:09:24 Thread-1   DEBUG mod7.racecondition.RandomNumberPrinter:10 - mod7.racecondition.RandomNumberPrinter entered...
2018-05-19 22:09:24 Thread-1   DEBUG mod7.racecondition.RandomNumberPrinter:15 - mod7.racecondition.RandomNumberPrinter exited...
2018-05-19 22:09:24 Thread-1   DEBUG mod7.racecondition.RaceConditionDemo:52 - mod7.racecondition.RaceConditionDemo$Task2 running...
2018-05-19 22:09:24 main       INFO  mod7.racecondition.RaceConditionDemo:22 - Exiting programme ...
2018-05-19 22:09:24 main       INFO  mod7.racecondition.RaceConditionDemo:10 - Entering programme ...
2018-05-19 22:09:24 Thread-0   DEBUG mod7.racecondition.RaceConditionDemo:34 - mod7.racecondition.RaceConditionDemo$Task1 running...
2018-05-19 22:09:24 Thread-0   DEBUG mod7.racecondition.RandomNumberPrinter:10 - mod7.racecondition.RandomNumberPrinter entered...
2018-05-19 22:09:24 Thread-0   DEBUG mod7.racecondition.RandomNumberPrinter:15 - mod7.racecondition.RandomNumberPrinter exited...
2018-05-19 22:09:24 Thread-0   DEBUG mod7.racecondition.RaceConditionDemo:36 - mod7.racecondition.RaceConditionDemo$Task1 exited...
2018-05-19 22:09:24 Thread-1   DEBUG mod7.racecondition.RaceConditionDemo:50 - mod7.racecondition.RaceConditionDemo$Task2 running...
2018-05-19 22:09:24 Thread-1   DEBUG mod7.racecondition.RandomNumberPrinter:10 - mod7.racecondition.RandomNumberPrinter entered...
2018-05-19 22:09:24 Thread-1   DEBUG mod7.racecondition.RandomNumberPrinter:15 - mod7.racecondition.RandomNumberPrinter exited...
2018-05-19 22:09:24 Thread-1   DEBUG mod7.racecondition.RaceConditionDemo:52 - mod7.racecondition.RaceConditionDemo$Task2 running...
2018-05-19 22:09:24 main       INFO  mod7.racecondition.RaceConditionDemo:22 - Exiting programme ...
2018-05-19 22:09:32 main       INFO  mod7.racecondition.RaceConditionDemo:10 - Entering programme ...
2018-05-19 22:09:32 Thread-0   DEBUG mod7.racecondition.RaceConditionDemo:34 - mod7.racecondition.RaceConditionDemo$Task1 running...
2018-05-19 22:09:32 Thread-0   DEBUG mod7.racecondition.RandomNumberPrinter:10 - mod7.racecondition.RandomNumberPrinter entered...
2018-05-19 22:09:32 Thread-0   DEBUG mod7.racecondition.RandomNumberPrinter:15 - mod7.racecondition.RandomNumberPrinter exited...
2018-05-19 22:09:32 Thread-0   DEBUG mod7.racecondition.RaceConditionDemo:36 - mod7.racecondition.RaceConditionDemo$Task1 exited...
2018-05-19 22:09:32 Thread-1   DEBUG mod7.racecondition.RaceConditionDemo:50 - mod7.racecondition.RaceConditionDemo$Task2 running...
2018-05-19 22:09:32 Thread-1   DEBUG mod7.racecondition.RandomNumberPrinter:10 - mod7.racecondition.RandomNumberPrinter entered...
2018-05-19 22:09:32 Thread-1   DEBUG mod7.racecondition.RandomNumberPrinter:15 - mod7.racecondition.RandomNumberPrinter exited...
2018-05-19 22:09:32 Thread-1   DEBUG mod7.racecondition.RaceConditionDemo:52 - mod7.racecondition.RaceConditionDemo$Task2 running...
2018-05-19 22:09:32 main       INFO  mod7.racecondition.RaceConditionDemo:22 - Exiting programme ...
2018-05-19 22:09:33 main       INFO  mod7.racecondition.RaceConditionDemo:10 - Entering programme ...
2018-05-19 22:09:33 Thread-0   DEBUG mod7.racecondition.RaceConditionDemo:34 - mod7.racecondition.RaceConditionDemo$Task1 running...
2018-05-19 22:09:33 Thread-0   DEBUG mod7.racecondition.RandomNumberPrinter:10 - mod7.racecondition.RandomNumberPrinter entered...
2018-05-19 22:09:33 Thread-0   DEBUG mod7.racecondition.RandomNumberPrinter:15 - mod7.racecondition.RandomNumberPrinter exited...
2018-05-19 22:09:33 Thread-0   DEBUG mod7.racecondition.RaceConditionDemo:36 - mod7.racecondition.RaceConditionDemo$Task1 exited...
2018-05-19 22:09:33 Thread-1   DEBUG mod7.racecondition.RaceConditionDemo:50 - mod7.racecondition.RaceConditionDemo$Task2 running...
2018-05-19 22:09:33 Thread-1   DEBUG mod7.racecondition.RandomNumberPrinter:10 - mod7.racecondition.RandomNumberPrinter entered...
2018-05-19 22:09:33 Thread-1   DEBUG mod7.racecondition.RandomNumberPrinter:15 - mod7.racecondition.RandomNumberPrinter exited...
2018-05-19 22:09:33 Thread-1   DEBUG mod7.racecondition.RaceConditionDemo:52 - mod7.racecondition.RaceConditionDemo$Task2 running...
2018-05-19 22:09:33 main       INFO  mod7.racecondition.RaceConditionDemo:22 - Exiting programme ...
2018-05-19 22:09:34 main       INFO  mod7.racecondition.RaceConditionDemo:10 - Entering programme ...
2018-05-19 22:09:34 Thread-0   DEBUG mod7.racecondition.RaceConditionDemo:34 - mod7.racecondition.RaceConditionDemo$Task1 running...
2018-05-19 22:09:34 Thread-0   DEBUG mod7.racecondition.RandomNumberPrinter:10 - mod7.racecondition.RandomNumberPrinter entered...
2018-05-19 22:09:34 Thread-0   DEBUG mod7.racecondition.RandomNumberPrinter:15 - mod7.racecondition.RandomNumberPrinter exited...
2018-05-19 22:09:34 Thread-0   DEBUG mod7.racecondition.RaceConditionDemo:36 - mod7.racecondition.RaceConditionDemo$Task1 exited...
2018-05-19 22:09:34 Thread-1   DEBUG mod7.racecondition.RaceConditionDemo:50 - mod7.racecondition.RaceConditionDemo$Task2 running...
2018-05-19 22:09:34 Thread-1   DEBUG mod7.racecondition.RandomNumberPrinter:10 - mod7.racecondition.RandomNumberPrinter entered...
2018-05-19 22:09:34 Thread-1   DEBUG mod7.racecondition.RandomNumberPrinter:15 - mod7.racecondition.RandomNumberPrinter exited...
2018-05-19 22:09:34 Thread-1   DEBUG mod7.racecondition.RaceConditionDemo:52 - mod7.racecondition.RaceConditionDemo$Task2 running...
2018-05-19 22:09:34 main       INFO  mod7.racecondition.RaceConditionDemo:22 - Exiting programme ...
2018-05-19 22:09:36 main       INFO  mod7.racecondition.RaceConditionDemo:10 - Entering programme ...
2018-05-19 22:09:36 Thread-0   DEBUG mod7.racecondition.RaceConditionDemo:34 - mod7.racecondition.RaceConditionDemo$Task1 running...
2018-05-19 22:09:36 Thread-0   DEBUG mod7.racecondition.RandomNumberPrinter:10 - mod7.racecondition.RandomNumberPrinter entered...
2018-05-19 22:09:36 Thread-0   DEBUG mod7.racecondition.RandomNumberPrinter:15 - mod7.racecondition.RandomNumberPrinter exited...
2018-05-19 22:09:36 Thread-0   DEBUG mod7.racecondition.RaceConditionDemo:36 - mod7.racecondition.RaceConditionDemo$Task1 exited...
2018-05-19 22:09:36 Thread-1   DEBUG mod7.racecondition.RaceConditionDemo:50 - mod7.racecondition.RaceConditionDemo$Task2 running...
2018-05-19 22:09:36 Thread-1   DEBUG mod7.racecondition.RandomNumberPrinter:10 - mod7.racecondition.RandomNumberPrinter entered...
2018-05-19 22:09:36 Thread-1   DEBUG mod7.racecondition.RandomNumberPrinter:15 - mod7.racecondition.RandomNumberPrinter exited...
2018-05-19 22:09:36 Thread-1   DEBUG mod7.racecondition.RaceConditionDemo:52 - mod7.racecondition.RaceConditionDemo$Task2 running...
2018-05-19 22:09:36 main       INFO  mod7.racecondition.RaceConditionDemo:22 - Exiting programme ...
2018-05-19 22:09:37 main       INFO  mod7.racecondition.RaceConditionDemo:10 - Entering programme ...
2018-05-19 22:09:37 Thread-0   DEBUG mod7.racecondition.RaceConditionDemo:34 - mod7.racecondition.RaceConditionDemo$Task1 running...
2018-05-19 22:09:37 Thread-0   DEBUG mod7.racecondition.RandomNumberPrinter:10 - mod7.racecondition.RandomNumberPrinter entered...
2018-05-19 22:09:37 Thread-0   DEBUG mod7.racecondition.RandomNumberPrinter:15 - mod7.racecondition.RandomNumberPrinter exited...
2018-05-19 22:09:37 Thread-0   DEBUG mod7.racecondition.RaceConditionDemo:36 - mod7.racecondition.RaceConditionDemo$Task1 exited...
2018-05-19 22:09:37 Thread-1   DEBUG mod7.racecondition.RaceConditionDemo:50 - mod7.racecondition.RaceConditionDemo$Task2 running...
2018-05-19 22:09:37 Thread-1   DEBUG mod7.racecondition.RandomNumberPrinter:10 - mod7.racecondition.RandomNumberPrinter entered...
2018-05-19 22:09:37 Thread-1   DEBUG mod7.racecondition.RandomNumberPrinter:15 - mod7.racecondition.RandomNumberPrinter exited...
2018-05-19 22:09:37 Thread-1   DEBUG mod7.racecondition.RaceConditionDemo:52 - mod7.racecondition.RaceConditionDemo$Task2 running...
2018-05-19 22:09:37 main       INFO  mod7.racecondition.RaceConditionDemo:22 - Exiting programme ...
2018-05-19 22:20:10 main       INFO  mod7.racecondition.RaceConditionDemo:10 - Entering programme ...
2018-05-19 22:20:10 Thread-0   DEBUG mod7.racecondition.RaceConditionDemo:34 - mod7.racecondition.RaceConditionDemo$Task1 running...
2018-05-19 22:20:10 Thread-0   DEBUG mod7.racecondition.RandomNumberPrinter:10 - mod7.racecondition.RandomNumberPrinter entered...
2018-05-19 22:20:10 Thread-0   DEBUG mod7.racecondition.RandomNumberPrinter:15 - mod7.racecondition.RandomNumberPrinter exited...
2018-05-19 22:20:10 Thread-0   DEBUG mod7.racecondition.RaceConditionDemo:36 - mod7.racecondition.RaceConditionDemo$Task1 exited...
2018-05-19 22:20:10 Thread-1   DEBUG mod7.racecondition.RaceConditionDemo:50 - mod7.racecondition.RaceConditionDemo$Task2 running...
2018-05-19 22:20:10 Thread-1   DEBUG mod7.racecondition.RandomNumberPrinter:10 - mod7.racecondition.RandomNumberPrinter entered...
2018-05-19 22:20:10 Thread-1   DEBUG mod7.racecondition.RandomNumberPrinter:15 - mod7.racecondition.RandomNumberPrinter exited...
2018-05-19 22:20:10 Thread-1   DEBUG mod7.racecondition.RaceConditionDemo:52 - mod7.racecondition.RaceConditionDemo$Task2 running...
2018-05-19 22:20:10 main       INFO  mod7.racecondition.RaceConditionDemo:22 - Exiting programme ...
2018-05-19 22:20:52 main       INFO  mod7.racecondition.RaceConditionDemo:10 - Entering programme ...
2018-05-19 22:20:52 Thread-0   DEBUG mod7.racecondition.RaceConditionDemo:34 - mod7.racecondition.RaceConditionDemo$Task1 running...
2018-05-19 22:20:52 Thread-0   DEBUG mod7.racecondition.RandomNumberPrinter:10 - mod7.racecondition.RandomNumberPrinter entered...
2018-05-19 22:20:52 Thread-0   DEBUG mod7.racecondition.RandomNumberPrinter:15 - mod7.racecondition.RandomNumberPrinter exited...
2018-05-19 22:20:52 Thread-0   DEBUG mod7.racecondition.RaceConditionDemo:36 - mod7.racecondition.RaceConditionDemo$Task1 exited...
2018-05-19 22:20:52 Thread-1   DEBUG mod7.racecondition.RaceConditionDemo:50 - mod7.racecondition.RaceConditionDemo$Task2 running...
2018-05-19 22:20:52 Thread-1   DEBUG mod7.racecondition.RandomNumberPrinter:10 - mod7.racecondition.RandomNumberPrinter entered...
2018-05-19 22:20:52 Thread-1   DEBUG mod7.racecondition.RandomNumberPrinter:15 - mod7.racecondition.RandomNumberPrinter exited...
2018-05-19 22:20:52 Thread-1   DEBUG mod7.racecondition.RaceConditionDemo:52 - mod7.racecondition.RaceConditionDemo$Task2 running...
2018-05-19 22:20:52 main       INFO  mod7.racecondition.RaceConditionDemo:22 - Exiting programme ...
2018-05-19 22:23:18 main       INFO  mod7.racecondition.RaceConditionDemo:10 - Entering programme ...
2018-05-19 22:23:18 Thread-0   DEBUG mod7.racecondition.RaceConditionDemo:34 - mod7.racecondition.RaceConditionDemo$Task1 running...
2018-05-19 22:23:18 Thread-0   DEBUG mod7.racecondition.RandomNumberPrinter:10 - mod7.racecondition.RandomNumberPrinter entered...
2018-05-19 22:23:18 Thread-0   DEBUG mod7.racecondition.RandomNumberPrinter:17 - mod7.racecondition.RandomNumberPrinter exited...
2018-05-19 22:23:18 Thread-0   DEBUG mod7.racecondition.RaceConditionDemo:36 - mod7.racecondition.RaceConditionDemo$Task1 exited...
2018-05-19 22:23:18 Thread-1   DEBUG mod7.racecondition.RaceConditionDemo:50 - mod7.racecondition.RaceConditionDemo$Task2 running...
2018-05-19 22:23:18 Thread-1   DEBUG mod7.racecondition.RandomNumberPrinter:10 - mod7.racecondition.RandomNumberPrinter entered...
2018-05-19 22:23:18 Thread-1   DEBUG mod7.racecondition.RandomNumberPrinter:17 - mod7.racecondition.RandomNumberPrinter exited...
2018-05-19 22:23:18 Thread-1   DEBUG mod7.racecondition.RaceConditionDemo:52 - mod7.racecondition.RaceConditionDemo$Task2 running...
2018-05-19 22:23:18 main       INFO  mod7.racecondition.RaceConditionDemo:22 - Exiting programme ...
2018-05-19 22:23:20 main       INFO  mod7.racecondition.RaceConditionDemo:10 - Entering programme ...
2018-05-19 22:23:20 Thread-0   DEBUG mod7.racecondition.RaceConditionDemo:34 - mod7.racecondition.RaceConditionDemo$Task1 running...
2018-05-19 22:23:20 Thread-0   DEBUG mod7.racecondition.RandomNumberPrinter:10 - mod7.racecondition.RandomNumberPrinter entered...
2018-05-19 22:23:20 Thread-0   DEBUG mod7.racecondition.RandomNumberPrinter:17 - mod7.racecondition.RandomNumberPrinter exited...
2018-05-19 22:23:20 Thread-0   DEBUG mod7.racecondition.RaceConditionDemo:36 - mod7.racecondition.RaceConditionDemo$Task1 exited...
2018-05-19 22:23:20 Thread-1   DEBUG mod7.racecondition.RaceConditionDemo:50 - mod7.racecondition.RaceConditionDemo$Task2 running...
2018-05-19 22:23:20 Thread-1   DEBUG mod7.racecondition.RandomNumberPrinter:10 - mod7.racecondition.RandomNumberPrinter entered...
2018-05-19 22:23:20 Thread-1   DEBUG mod7.racecondition.RandomNumberPrinter:17 - mod7.racecondition.RandomNumberPrinter exited...
2018-05-19 22:23:20 Thread-1   DEBUG mod7.racecondition.RaceConditionDemo:52 - mod7.racecondition.RaceConditionDemo$Task2 running...
2018-05-19 22:23:20 main       INFO  mod7.racecondition.RaceConditionDemo:22 - Exiting programme ...
2018-05-19 22:23:22 main       INFO  mod7.racecondition.RaceConditionDemo:10 - Entering programme ...
2018-05-19 22:23:22 Thread-0   DEBUG mod7.racecondition.RaceConditionDemo:34 - mod7.racecondition.RaceConditionDemo$Task1 running...
2018-05-19 22:23:22 Thread-0   DEBUG mod7.racecondition.RandomNumberPrinter:10 - mod7.racecondition.RandomNumberPrinter entered...
2018-05-19 22:23:22 Thread-0   DEBUG mod7.racecondition.RandomNumberPrinter:17 - mod7.racecondition.RandomNumberPrinter exited...
2018-05-19 22:23:22 Thread-0   DEBUG mod7.racecondition.RaceConditionDemo:36 - mod7.racecondition.RaceConditionDemo$Task1 exited...
2018-05-19 22:23:22 Thread-1   DEBUG mod7.racecondition.RaceConditionDemo:50 - mod7.racecondition.RaceConditionDemo$Task2 running...
2018-05-19 22:23:22 Thread-1   DEBUG mod7.racecondition.RandomNumberPrinter:10 - mod7.racecondition.RandomNumberPrinter entered...
2018-05-19 22:23:22 Thread-1   DEBUG mod7.racecondition.RandomNumberPrinter:17 - mod7.racecondition.RandomNumberPrinter exited...
2018-05-19 22:23:22 Thread-1   DEBUG mod7.racecondition.RaceConditionDemo:52 - mod7.racecondition.RaceConditionDemo$Task2 running...
2018-05-19 22:23:22 main       INFO  mod7.racecondition.RaceConditionDemo:22 - Exiting programme ...
2018-05-19 22:23:24 main       INFO  mod7.racecondition.RaceConditionDemo:10 - Entering programme ...
2018-05-19 22:23:24 Thread-0   DEBUG mod7.racecondition.RaceConditionDemo:34 - mod7.racecondition.RaceConditionDemo$Task1 running...
2018-05-19 22:23:24 Thread-0   DEBUG mod7.racecondition.RandomNumberPrinter:10 - mod7.racecondition.RandomNumberPrinter entered...
2018-05-19 22:23:24 Thread-0   DEBUG mod7.racecondition.RandomNumberPrinter:17 - mod7.racecondition.RandomNumberPrinter exited...
2018-05-19 22:23:24 Thread-0   DEBUG mod7.racecondition.RaceConditionDemo:36 - mod7.racecondition.RaceConditionDemo$Task1 exited...
2018-05-19 22:23:24 Thread-1   DEBUG mod7.racecondition.RaceConditionDemo:50 - mod7.racecondition.RaceConditionDemo$Task2 running...
2018-05-19 22:23:24 Thread-1   DEBUG mod7.racecondition.RandomNumberPrinter:10 - mod7.racecondition.RandomNumberPrinter entered...
2018-05-19 22:23:24 Thread-1   DEBUG mod7.racecondition.RandomNumberPrinter:17 - mod7.racecondition.RandomNumberPrinter exited...
2018-05-19 22:23:24 Thread-1   DEBUG mod7.racecondition.RaceConditionDemo:52 - mod7.racecondition.RaceConditionDemo$Task2 running...
2018-05-19 22:23:24 main       INFO  mod7.racecondition.RaceConditionDemo:22 - Exiting programme ...
2018-05-19 22:23:25 main       INFO  mod7.racecondition.RaceConditionDemo:10 - Entering programme ...
2018-05-19 22:23:25 Thread-0   DEBUG mod7.racecondition.RaceConditionDemo:34 - mod7.racecondition.RaceConditionDemo$Task1 running...
2018-05-19 22:23:25 Thread-0   DEBUG mod7.racecondition.RandomNumberPrinter:10 - mod7.racecondition.RandomNumberPrinter entered...
2018-05-19 22:23:25 Thread-0   DEBUG mod7.racecondition.RandomNumberPrinter:17 - mod7.racecondition.RandomNumberPrinter exited...
2018-05-19 22:23:25 Thread-0   DEBUG mod7.racecondition.RaceConditionDemo:36 - mod7.racecondition.RaceConditionDemo$Task1 exited...
2018-05-19 22:23:25 Thread-1   DEBUG mod7.racecondition.RaceConditionDemo:50 - mod7.racecondition.RaceConditionDemo$Task2 running...
2018-05-19 22:23:25 Thread-1   DEBUG mod7.racecondition.RandomNumberPrinter:10 - mod7.racecondition.RandomNumberPrinter entered...
2018-05-19 22:23:25 Thread-1   DEBUG mod7.racecondition.RandomNumberPrinter:17 - mod7.racecondition.RandomNumberPrinter exited...
2018-05-19 22:23:25 Thread-1   DEBUG mod7.racecondition.RaceConditionDemo:52 - mod7.racecondition.RaceConditionDemo$Task2 running...
2018-05-19 22:23:25 main       INFO  mod7.racecondition.RaceConditionDemo:22 - Exiting programme ...
2018-05-19 22:23:25 main       INFO  mod7.racecondition.RaceConditionDemo:10 - Entering programme ...
2018-05-19 22:23:25 Thread-0   DEBUG mod7.racecondition.RaceConditionDemo:34 - mod7.racecondition.RaceConditionDemo$Task1 running...
2018-05-19 22:23:25 Thread-0   DEBUG mod7.racecondition.RandomNumberPrinter:10 - mod7.racecondition.RandomNumberPrinter entered...
2018-05-19 22:23:25 Thread-0   DEBUG mod7.racecondition.RandomNumberPrinter:17 - mod7.racecondition.RandomNumberPrinter exited...
2018-05-19 22:23:25 Thread-0   DEBUG mod7.racecondition.RaceConditionDemo:36 - mod7.racecondition.RaceConditionDemo$Task1 exited...
2018-05-19 22:23:25 Thread-1   DEBUG mod7.racecondition.RaceConditionDemo:50 - mod7.racecondition.RaceConditionDemo$Task2 running...
2018-05-19 22:23:25 Thread-1   DEBUG mod7.racecondition.RandomNumberPrinter:10 - mod7.racecondition.RandomNumberPrinter entered...
2018-05-19 22:23:25 Thread-1   DEBUG mod7.racecondition.RandomNumberPrinter:17 - mod7.racecondition.RandomNumberPrinter exited...
2018-05-19 22:23:25 Thread-1   DEBUG mod7.racecondition.RaceConditionDemo:52 - mod7.racecondition.RaceConditionDemo$Task2 running...
2018-05-19 22:23:25 main       INFO  mod7.racecondition.RaceConditionDemo:22 - Exiting programme ...
2018-05-19 22:23:26 main       INFO  mod7.racecondition.RaceConditionDemo:10 - Entering programme ...
2018-05-19 22:23:26 Thread-0   DEBUG mod7.racecondition.RaceConditionDemo:34 - mod7.racecondition.RaceConditionDemo$Task1 running...
2018-05-19 22:23:26 Thread-0   DEBUG mod7.racecondition.RandomNumberPrinter:10 - mod7.racecondition.RandomNumberPrinter entered...
2018-05-19 22:23:26 Thread-0   DEBUG mod7.racecondition.RandomNumberPrinter:17 - mod7.racecondition.RandomNumberPrinter exited...
2018-05-19 22:23:26 Thread-0   DEBUG mod7.racecondition.RaceConditionDemo:36 - mod7.racecondition.RaceConditionDemo$Task1 exited...
2018-05-19 22:23:26 Thread-1   DEBUG mod7.racecondition.RaceConditionDemo:50 - mod7.racecondition.RaceConditionDemo$Task2 running...
2018-05-19 22:23:26 Thread-1   DEBUG mod7.racecondition.RandomNumberPrinter:10 - mod7.racecondition.RandomNumberPrinter entered...
2018-05-19 22:23:26 Thread-1   DEBUG mod7.racecondition.RandomNumberPrinter:17 - mod7.racecondition.RandomNumberPrinter exited...
2018-05-19 22:23:26 Thread-1   DEBUG mod7.racecondition.RaceConditionDemo:52 - mod7.racecondition.RaceConditionDemo$Task2 running...
2018-05-19 22:23:26 main       INFO  mod7.racecondition.RaceConditionDemo:22 - Exiting programme ...
2018-05-19 22:23:27 main       INFO  mod7.racecondition.RaceConditionDemo:10 - Entering programme ...
2018-05-19 22:23:27 Thread-0   DEBUG mod7.racecondition.RaceConditionDemo:34 - mod7.racecondition.RaceConditionDemo$Task1 running...
2018-05-19 22:23:27 Thread-0   DEBUG mod7.racecondition.RandomNumberPrinter:10 - mod7.racecondition.RandomNumberPrinter entered...
2018-05-19 22:23:27 Thread-0   DEBUG mod7.racecondition.RandomNumberPrinter:17 - mod7.racecondition.RandomNumberPrinter exited...
2018-05-19 22:23:27 Thread-0   DEBUG mod7.racecondition.RaceConditionDemo:36 - mod7.racecondition.RaceConditionDemo$Task1 exited...
2018-05-19 22:23:27 Thread-1   DEBUG mod7.racecondition.RaceConditionDemo:50 - mod7.racecondition.RaceConditionDemo$Task2 running...
2018-05-19 22:23:27 Thread-1   DEBUG mod7.racecondition.RandomNumberPrinter:10 - mod7.racecondition.RandomNumberPrinter entered...
2018-05-19 22:23:27 Thread-1   DEBUG mod7.racecondition.RandomNumberPrinter:17 - mod7.racecondition.RandomNumberPrinter exited...
2018-05-19 22:23:27 Thread-1   DEBUG mod7.racecondition.RaceConditionDemo:52 - mod7.racecondition.RaceConditionDemo$Task2 running...
2018-05-19 22:23:27 main       INFO  mod7.racecondition.RaceConditionDemo:22 - Exiting programme ...
2018-05-19 22:23:29 main       INFO  mod7.racecondition.RaceConditionDemo:10 - Entering programme ...
2018-05-19 22:23:29 Thread-0   DEBUG mod7.racecondition.RaceConditionDemo:34 - mod7.racecondition.RaceConditionDemo$Task1 running...
2018-05-19 22:23:29 Thread-0   DEBUG mod7.racecondition.RandomNumberPrinter:10 - mod7.racecondition.RandomNumberPrinter entered...
2018-05-19 22:23:29 Thread-0   DEBUG mod7.racecondition.RandomNumberPrinter:17 - mod7.racecondition.RandomNumberPrinter exited...
2018-05-19 22:23:29 Thread-0   DEBUG mod7.racecondition.RaceConditionDemo:36 - mod7.racecondition.RaceConditionDemo$Task1 exited...
2018-05-19 22:23:29 Thread-1   DEBUG mod7.racecondition.RaceConditionDemo:50 - mod7.racecondition.RaceConditionDemo$Task2 running...
2018-05-19 22:23:29 Thread-1   DEBUG mod7.racecondition.RandomNumberPrinter:10 - mod7.racecondition.RandomNumberPrinter entered...
2018-05-19 22:23:29 Thread-1   DEBUG mod7.racecondition.RandomNumberPrinter:17 - mod7.racecondition.RandomNumberPrinter exited...
2018-05-19 22:23:29 Thread-1   DEBUG mod7.racecondition.RaceConditionDemo:52 - mod7.racecondition.RaceConditionDemo$Task2 running...
2018-05-19 22:23:29 main       INFO  mod7.racecondition.RaceConditionDemo:22 - Exiting programme ...2018-05-20 11:18:32 main       INFO  mod7.itc.CounterDemo:18 - Entering programme ...2018-05-20 11:28:43 main       INFO  mod7.itc.CounterDemo:21 - Entering programme ...2018-05-20 11:31:51 main       INFO  mod7.itc.CounterDemo:21 - Entering programme ...2018-05-20 11:35:53 main       INFO  mod7.itc.CounterDemo:21 - Entering programme ...
2018-05-20 11:35:53 Thread-0   DEBUG mod7.itc.CounterDemo:60 - mod7.itc.CounterDemo$Task1 running...
2018-05-20 11:35:53 Thread-0   DEBUG mod7.itc.IncrementorDecrementor:17 - mod7.itc.IncrementorDecrementor entered...
2018-05-20 11:35:53 Thread-0   DEBUG mod7.itc.IncrementorDecrementor:24 - mod7.itc.IncrementorDecrementor exited...
2018-05-20 11:35:53 Thread-0   DEBUG mod7.itc.CounterDemo:62 - mod7.itc.CounterDemo$Task1 exited...
2018-05-20 11:35:53 Thread-1   DEBUG mod7.itc.CounterDemo:77 - mod7.itc.CounterDemo$Task2 running...
2018-05-20 11:35:53 Thread-1   DEBUG mod7.itc.IncrementorDecrementor:28 - mod7.itc.IncrementorDecrementor entered...
2018-05-20 11:35:53 Thread-1   DEBUG mod7.itc.IncrementorDecrementor:35 - mod7.itc.IncrementorDecrementor exited...
2018-05-20 11:35:53 Thread-1   DEBUG mod7.itc.CounterDemo:79 - mod7.itc.CounterDemo$Task2 running...
2018-05-20 11:35:53 main       INFO  mod7.itc.CounterDemo:45 - Exiting programme ...
2018-05-20 11:36:06 main       INFO  mod7.itc.CounterDemo:21 - Entering programme ...
2018-05-20 11:36:06 Thread-0   DEBUG mod7.itc.CounterDemo:60 - mod7.itc.CounterDemo$Task1 running...
2018-05-20 11:36:06 Thread-0   DEBUG mod7.itc.IncrementorDecrementor:17 - mod7.itc.IncrementorDecrementor entered...
2018-05-20 11:36:06 Thread-0   DEBUG mod7.itc.IncrementorDecrementor:24 - mod7.itc.IncrementorDecrementor exited...
2018-05-20 11:36:06 Thread-0   DEBUG mod7.itc.CounterDemo:62 - mod7.itc.CounterDemo$Task1 exited...
2018-05-20 11:36:06 Thread-1   DEBUG mod7.itc.CounterDemo:77 - mod7.itc.CounterDemo$Task2 running...
2018-05-20 11:36:06 Thread-1   DEBUG mod7.itc.IncrementorDecrementor:28 - mod7.itc.IncrementorDecrementor entered...
2018-05-20 11:36:06 Thread-1   DEBUG mod7.itc.IncrementorDecrementor:35 - mod7.itc.IncrementorDecrementor exited...
2018-05-20 11:36:06 Thread-1   DEBUG mod7.itc.CounterDemo:79 - mod7.itc.CounterDemo$Task2 running...
2018-05-20 11:36:06 main       INFO  mod7.itc.CounterDemo:45 - Exiting programme ...
2018-05-20 11:58:53 main       INFO  mod7.deadlock.Deadlock:12 - Entering programme ...
2018-05-20 11:58:53 Thread-0   INFO  mod7.deadlock.Deadlock:31 - Task1 acquired lock1 ...
2018-05-20 11:58:53 Thread-0   INFO  mod7.deadlock.Deadlock:37 - Task1 trying to acquire lock2 ...
2018-05-20 11:58:53 Thread-0   INFO  mod7.deadlock.Deadlock:39 - Task1 acquired lock2 ...
2018-05-20 11:58:53 Thread-1   INFO  mod7.deadlock.Deadlock:49 - Task2 acquired lock1 ...
2018-05-20 11:58:54 Thread-1   INFO  mod7.deadlock.Deadlock:55 - Task2 trying to acquire lock2 ...
2018-05-20 11:58:54 Thread-1   INFO  mod7.deadlock.Deadlock:57 - Task2 acquired lock2 ...
2018-05-20 11:58:54 main       INFO  mod7.deadlock.Deadlock:22 - Exiting programme ...
2018-05-20 12:04:55 main       INFO  mod7.racecondition.RaceConditionDemo:10 - Entering programme ...
2018-05-20 12:04:55 Thread-0   DEBUG mod7.racecondition.RaceConditionDemo:34 - mod7.racecondition.RaceConditionDemo$Task1 running...
2018-05-20 12:04:55 Thread-0   DEBUG mod7.racecondition.RandomNumberPrinter:10 - mod7.racecondition.RandomNumberPrinter entered...
2018-05-20 12:04:55 Thread-0   DEBUG mod7.racecondition.RandomNumberPrinter:17 - mod7.racecondition.RandomNumberPrinter exited...
2018-05-20 12:04:55 Thread-0   DEBUG mod7.racecondition.RaceConditionDemo:36 - mod7.racecondition.RaceConditionDemo$Task1 exited...
2018-05-20 12:04:55 Thread-1   DEBUG mod7.racecondition.RaceConditionDemo:50 - mod7.racecondition.RaceConditionDemo$Task2 running...
2018-05-20 12:04:55 Thread-1   DEBUG mod7.racecondition.RandomNumberPrinter:10 - mod7.racecondition.RandomNumberPrinter entered...
2018-05-20 12:04:55 Thread-1   DEBUG mod7.racecondition.RandomNumberPrinter:17 - mod7.racecondition.RandomNumberPrinter exited...
2018-05-20 12:04:55 Thread-1   DEBUG mod7.racecondition.RaceConditionDemo:52 - mod7.racecondition.RaceConditionDemo$Task2 running...
2018-05-20 12:04:55 main       INFO  mod7.racecondition.RaceConditionDemo:22 - Exiting programme ...
